[35m[Appium][39m Welcome to Appium v1.14.1
[35m[Appium][39m Non-default server args:
[35m[Appium][39m   port: 51934
[35m[Appium][39m   loglevel: info
[35m[Appium][39m   chromeDriverPort: 51935
[35m[Appium][39m   tmpDir: C:\Users\99.co\AppData\Local\Temp\\Katalon\Appium\Temp1582790850239
[35m[Appium][39m Appium REST http interface listener started on 0.0.0.0:51934
[35m[HTTP][39m [37m-->[39m [37mGET[39m [37m/wd/hub/status[39m
[35m[HTTP][39m [90m{}[39m
[35m[HTTP][39m [37m<-- GET /wd/hub/status [39m[32m200[39m [90m6 ms - 68[39m
[35m[HTTP][39m [90m[39m
[35m[HTTP][39m [37m-->[39m [37mGET[39m [37m/wd/hub/status[39m
[35m[HTTP][39m [90m{}[39m
[35m[HTTP][39m [37m<-- GET /wd/hub/status [39m[32m200[39m [90m1 ms - 68[39m
[35m[HTTP][39m [90m[39m
[35m[HTTP][39m [37m-->[39m [37mPOST[39m [37m/wd/hub/session[39m
[35m[HTTP][39m [90m{"desiredCapabilities":{"app":"C:\\Users\\99.co\\Downloads\\99Crm-debug-1000409.apk","noReset":true,"appWaitActivity":"*","deviceId":"3fd4c66b","deviceName":"Xiaomi Redmi Note 5 (Android 9)","fullReset":false,"platform":"ANDROID","newCommandTimeout":1800,"platformVersion":"9","automationName":"uiautomator2","autoGrantPermissions":true,"platformName":"Android","udid":"3fd4c66b"},"capabilities":{"firstMatch":[{"appium:app":"C:\\Users\\99.co\\Downloads\\99Crm-debug-1000409.apk","appium:appWaitActivity":"*","appium:autoGrantPermissions":true,"appium:automationName":"uiautomator2","deviceId":"3fd4c66b","appium:deviceName":"Xiaomi Redmi Note 5 (Android 9)","appium:fullReset":false,"appium:newCommandTimeout":1800,"appium:noReset":true,"platform":"ANDROID","platformName":"android","appium:platformVersion":"9","appium:udid":"3fd4c66b"}]}}[39m
[35m[BaseDriver][39m The capabilities ["deviceId","platform"] are not standard capabilities and should have an extension prefix
[35m[Appium][39m Appium v1.14.1 creating new AndroidUiautomator2Driver (v1.33.1) session
[35m[Appium][39m Capabilities:
[35m[Appium][39m   deviceId: 3fd4c66b
[35m[Appium][39m   platform: ANDROID
[35m[Appium][39m   platformName: android
[35m[Appium][39m   app: C:\Users\99.co\Downloads\99Crm-debug-1000409.apk
[35m[Appium][39m   appWaitActivity: *
[35m[Appium][39m   autoGrantPermissions: true
[35m[Appium][39m   automationName: uiautomator2
[35m[Appium][39m   deviceName: Xiaomi Redmi Note 5 (Android 9)
[35m[Appium][39m   fullReset: false
[35m[Appium][39m   newCommandTimeout: 1800
[35m[Appium][39m   noReset: true
[35m[Appium][39m   platformVersion: 9
[35m[Appium][39m   udid: 3fd4c66b
[35m[BaseDriver][39m The following capabilities were provided, but are not recognized by appium: deviceId, platform.
[35m[BaseDriver][39m Session created with session id: 63b7df09-83cd-4cd6-8009-075f945c2423
[35m[BaseDriver][39m Using local app 'C:\Users\99.co\Downloads\99Crm-debug-1000409.apk'
[35m[ADB][39m Found 1 'build-tools' folders under 'C:\Users\99.co\.katalon\tools\android_sdk' (newest first):
[35m[ADB][39m     C:/Users/99.co/.katalon/tools/android_sdk/build-tools/29.0.1
[35m[ADB][39m Using 'adb.exe' from 'C:\Users\99.co\.katalon\tools\android_sdk\platform-tools\adb.exe'
[35m[AndroidDriver][39m Retrieving device list
[35m[AndroidDriver][39m Using device: 3fd4c66b
[35m[ADB][39m Using 'adb.exe' from 'C:\Users\99.co\.katalon\tools\android_sdk\platform-tools\adb.exe'
[35m[UiAutomator2][39m Relaxing hidden api policy
[35m[ADB][39m Using the alternative activity name detection method because of: Could not find 'apkanalyzer.bat' in ["C:\\Users\\99.co\\.katalon\\tools\\android_sdk\\platform-tools\\apkanalyzer.bat","C:\\Users\\99.co\\.katalon\\tools\\android_sdk\\emulator\\apkanalyzer.bat","C:\\Users\\99.co\\.katalon\\tools\\android_sdk\\tools\\apkanalyzer.bat","C:\\Users\\99.co\\.katalon\\tools\\android_sdk\\tools\\bin\\apkanalyzer.bat","C:\\Users\\99.co\\.katalon\\tools\\android_sdk\\build-tools\\29.0.1\\apkanalyzer.bat"]. Do you have Android Build Tools installed at 'C:\Users\99.co\.katalon\tools\android_sdk'?
[35m[ADB][39m Using 'aapt.exe' from 'C:\Users\99.co\.katalon\tools\android_sdk\build-tools\29.0.1\aapt.exe'
[35m[ADB][39m Extracting package and launch activity from manifest
[35m[ADB][39m Package name: 'co.ninetynine.crm.debug'
[35m[ADB][39m Main activity name: 'co.ninetynine.crm.modules.main.MainActivity'
[35m[ADB][39m Using 'apksigner.bat' from 'C:\Users\99.co\.katalon\tools\android_sdk\build-tools\29.0.1\apksigner.bat'
[35m[UiAutomator2][39m Server packages are not going to be (re)installed
[35m[UiAutomator2][39m Starting UIAutomator2 server 3.5.1
[35m[UiAutomator2][39m Using UIAutomator2 server from 'C:\Users\99.co\AppData\Roaming\npm\node_modules\appium\node_modules\appium-uiautomator2-server\apks\appium-uiautomator2-server-v3.5.1.apk' and test from 'C:\Users\99.co\AppData\Roaming\npm\node_modules\appium\node_modules\appium-uiautomator2-server\apks\appium-uiautomator2-server-debug-androidTest.apk'
[35m[UiAutomator2][39m Waiting up to 30000ms for UiAutomator2 to be online...
[35m[WD Proxy][39m Got an unexpected response: {"code":"ECONNRESET"}
[35m[WD Proxy][39m Got an unexpected response: {"code":"ECONNRESET"}
[35m[WD Proxy][39m Got an unexpected response: {"code":"ECONNRESET"}
[35m[AndroidDriver][39m Screen already unlocked, doing nothing
[35m[UiAutomator2][39m UiAutomator2 did not start the activity we were waiting for, 'co.ninetynine.crm.debug/*'. Starting it ourselves
[35m[Appium][39m New AndroidUiautomator2Driver session created successfully, session 63b7df09-83cd-4cd6-8009-075f945c2423 added to master session list
[35m[HTTP][39m [37m<-- POST /wd/hub/session [39m[32m200[39m [90m14437 ms - 1253[39m
[35m[HTTP][39m [90m[39m
[35m[HTTP][39m [37m-->[39m [37mGET[39m [37m/wd/hub/session/63b7df09-83cd-4cd6-8009-075f945c2423[39m
[35m[HTTP][39m [90m{}[39m
[35m[HTTP][39m [37m<-- GET /wd/hub/session/63b7df09-83cd-4cd6-8009-075f945c2423 [39m[32m200[39m [90m71 ms - 1185[39m
[35m[HTTP][39m [90m[39m
[35m[HTTP][39m [37m-->[39m [37mGET[39m [37m/wd/hub/session/63b7df09-83cd-4cd6-8009-075f945c2423[39m
[35m[HTTP][39m [90m{}[39m
[35m[HTTP][39m [37m<-- GET /wd/hub/session/63b7df09-83cd-4cd6-8009-075f945c2423 [39m[32m200[39m [90m40 ms - 1185[39m
[35m[HTTP][39m [90m[39m
[35m[HTTP][39m [37m-->[39m [37mGET[39m [37m/wd/hub/status[39m
[35m[HTTP][39m [90m{}[39m
[35m[HTTP][39m [37m<-- GET /wd/hub/status [39m[32m200[39m [90m1 ms - 68[39m
[35m[HTTP][39m [90m[39m
[35m[HTTP][39m [37m-->[39m [37mPOST[39m [37m/wd/hub/session/63b7df09-83cd-4cd6-8009-075f945c2423/timeouts[39m
[35m[HTTP][39m [90m{"implicit":60000}[39m
[35m[HTTP][39m [37m<-- POST /wd/hub/session/63b7df09-83cd-4cd6-8009-075f945c2423/timeouts [39m[32m200[39m [90m3 ms - 14[39m
[35m[HTTP][39m [90m[39m
[35m[HTTP][39m [37m-->[39m [37mGET[39m [37m/wd/hub/session/63b7df09-83cd-4cd6-8009-075f945c2423/source[39m
[35m[HTTP][39m [90m{}[39m
[35m[W3C (63b7df09)][39m Driver proxy active, passing request on via HTTP proxy
[35m[WD Proxy][39m Replacing sessionId 4d8aa4ba-5b61-4e91-a118-1a2ec56f25a5 with 63b7df09-83cd-4cd6-8009-075f945c2423
[35m[HTTP][39m [37m<-- GET /wd/hub/session/63b7df09-83cd-4cd6-8009-075f945c2423/source [39m[32m200[39m [90m2054 ms - 9009[39m
[35m[HTTP][39m [90m[39m
[35m[HTTP][39m [37m-->[39m [37mGET[39m [37m/wd/hub/session/63b7df09-83cd-4cd6-8009-075f945c2423/screenshot[39m
[35m[HTTP][39m [90m{}[39m
[35m[HTTP][39m [37m<-- GET /wd/hub/session/63b7df09-83cd-4cd6-8009-075f945c2423/screenshot [39m[32m200[39m [90m677 ms - 113732[39m
[35m[HTTP][39m [90m[39m
[35m[HTTP][39m [37m-->[39m [37mGET[39m [37m/wd/hub/session/63b7df09-83cd-4cd6-8009-075f945c2423/window/rect[39m
[35m[HTTP][39m [90m{}[39m
[35m[HTTP][39m [37m<-- GET /wd/hub/session/63b7df09-83cd-4cd6-8009-075f945c2423/window/rect [39m[32m200[39m [90m52 ms - 50[39m
[35m[HTTP][39m [90m[39m
[35m[HTTP][39m [37m-->[39m [37mPOST[39m [37m/wd/hub/session/63b7df09-83cd-4cd6-8009-075f945c2423/elements[39m
[35m[HTTP][39m [90m{"using":"xpath","value":"//hierarchy/android.widget.FrameLayout[1]/android.widget.LinearLayout[1]/android.widget.FrameLayout[1]/android.widget.LinearLayout[1]/android.widget.FrameLayout[1]/android.widget.RelativeLayout[1]/android.widget.LinearLayout[1]/android.widget.LinearLayout[1]/android.widget.LinearLayout[1]/android.widget.EditText[1]"}[39m
[35m[HTTP][39m [37m<-- POST /wd/hub/session/63b7df09-83cd-4cd6-8009-075f945c2423/elements [39m[32m200[39m [90m318 ms - 139[39m
[35m[HTTP][39m [90m[39m
[35m[HTTP][39m [37m-->[39m [37mGET[39m [37m/wd/hub/session/63b7df09-83cd-4cd6-8009-075f945c2423/element/ebb3089e-0eab-4133-8b8e-bd8d99f81bfb/location[39m
[35m[HTTP][39m [90m{}[39m
[35m[W3C (63b7df09)][39m Driver proxy active, passing request on via HTTP proxy
[35m[WD Proxy][39m Replacing sessionId 4d8aa4ba-5b61-4e91-a118-1a2ec56f25a5 with 63b7df09-83cd-4cd6-8009-075f945c2423
[35m[HTTP][39m [37m<-- GET /wd/hub/session/63b7df09-83cd-4cd6-8009-075f945c2423/element/ebb3089e-0eab-4133-8b8e-bd8d99f81bfb/location [39m[32m200[39m [90m45 ms - 89[39m
[35m[HTTP][39m [90m[39m
[35m[HTTP][39m [37m-->[39m [37mPOST[39m [37m/wd/hub/session/63b7df09-83cd-4cd6-8009-075f945c2423/element/ebb3089e-0eab-4133-8b8e-bd8d99f81bfb/clear[39m
[35m[HTTP][39m [90m{"id":"ebb3089e-0eab-4133-8b8e-bd8d99f81bfb"}[39m
[35m[HTTP][39m [37m<-- POST /wd/hub/session/63b7df09-83cd-4cd6-8009-075f945c2423/element/ebb3089e-0eab-4133-8b8e-bd8d99f81bfb/clear [39m[32m200[39m [90m71 ms - 27[39m
[35m[HTTP][39m [90m[39m
[35m[HTTP][39m [37m-->[39m [37mPOST[39m [37m/wd/hub/session/63b7df09-83cd-4cd6-8009-075f945c2423/element/ebb3089e-0eab-4133-8b8e-bd8d99f81bfb/value[39m
[35m[HTTP][39m [90m{"id":"ebb3089e-0eab-4133-8b8e-bd8d99f81bfb","text":"83829943719","value":["8","3","8","2","9","9","4","3","7","1","9"]}[39m
[35m[HTTP][39m [37m<-- POST /wd/hub/session/63b7df09-83cd-4cd6-8009-075f945c2423/element/ebb3089e-0eab-4133-8b8e-bd8d99f81bfb/value [39m[32m200[39m [90m543 ms - 12[39m
[35m[HTTP][39m [90m[39m
[35m[HTTP][39m [37m-->[39m [37mGET[39m [37m/wd/hub/session/63b7df09-83cd-4cd6-8009-075f945c2423/source[39m
[35m[HTTP][39m [90m{}[39m
[35m[W3C (63b7df09)][39m Driver proxy active, passing request on via HTTP proxy
[35m[WD Proxy][39m Replacing sessionId 4d8aa4ba-5b61-4e91-a118-1a2ec56f25a5 with 63b7df09-83cd-4cd6-8009-075f945c2423
[35m[HTTP][39m [37m<-- GET /wd/hub/session/63b7df09-83cd-4cd6-8009-075f945c2423/source [39m[32m200[39m [90m190 ms - 9020[39m
[35m[HTTP][39m [90m[39m
[35m[HTTP][39m [37m-->[39m [37mGET[39m [37m/wd/hub/session/63b7df09-83cd-4cd6-8009-075f945c2423/screenshot[39m
[35m[HTTP][39m [90m{}[39m
[35m[HTTP][39m [37m<-- GET /wd/hub/session/63b7df09-83cd-4cd6-8009-075f945c2423/screenshot [39m[32m200[39m [90m698 ms - 120314[39m
[35m[HTTP][39m [90m[39m
[35m[HTTP][39m [37m-->[39m [37mGET[39m [37m/wd/hub/session/63b7df09-83cd-4cd6-8009-075f945c2423/window/rect[39m
[35m[HTTP][39m [90m{}[39m
[35m[HTTP][39m [37m<-- GET /wd/hub/session/63b7df09-83cd-4cd6-8009-075f945c2423/window/rect [39m[32m200[39m [90m41 ms - 50[39m
[35m[HTTP][39m [90m[39m
[35m[HTTP][39m [37m-->[39m [37mPOST[39m [37m/wd/hub/session/63b7df09-83cd-4cd6-8009-075f945c2423/elements[39m
[35m[HTTP][39m [90m{"using":"xpath","value":"//hierarchy/android.widget.FrameLayout[1]/android.widget.LinearLayout[1]/android.widget.FrameLayout[1]/android.widget.LinearLayout[1]/android.widget.FrameLayout[1]/android.widget.RelativeLayout[1]/android.widget.LinearLayout[1]/android.widget.Button[1]"}[39m
[35m[HTTP][39m [37m<-- POST /wd/hub/session/63b7df09-83cd-4cd6-8009-075f945c2423/elements [39m[32m200[39m [90m230 ms - 139[39m
[35m[HTTP][39m [90m[39m
[35m[HTTP][39m [37m-->[39m [37mGET[39m [37m/wd/hub/session/63b7df09-83cd-4cd6-8009-075f945c2423/element/986f0bee-ac5d-4b47-84ca-931086362b5c/location[39m
[35m[HTTP][39m [90m{}[39m
[35m[W3C (63b7df09)][39m Driver proxy active, passing request on via HTTP proxy
[35m[WD Proxy][39m Replacing sessionId 4d8aa4ba-5b61-4e91-a118-1a2ec56f25a5 with 63b7df09-83cd-4cd6-8009-075f945c2423
[35m[HTTP][39m [37m<-- GET /wd/hub/session/63b7df09-83cd-4cd6-8009-075f945c2423/element/986f0bee-ac5d-4b47-84ca-931086362b5c/location [39m[32m200[39m [90m43 ms - 89[39m
[35m[HTTP][39m [90m[39m
[35m[HTTP][39m [37m-->[39m [37mPOST[39m [37m/wd/hub/session/63b7df09-83cd-4cd6-8009-075f945c2423/touch/perform[39m
[35m[HTTP][39m [90m{"actions":[{"action":"tap","options":{"x":1,"y":1,"element":"986f0bee-ac5d-4b47-84ca-931086362b5c"}}]}[39m
[35m[UiAutomator2][39m calling get location: 986f0bee-ac5d-4b47-84ca-931086362b5c
[35m[HTTP][39m [37m<-- POST /wd/hub/session/63b7df09-83cd-4cd6-8009-075f945c2423/touch/perform [39m[32m200[39m [90m122 ms - 14[39m
[35m[HTTP][39m [90m[39m
[35m[HTTP][39m [37m-->[39m [37mGET[39m [37m/wd/hub/session/63b7df09-83cd-4cd6-8009-075f945c2423/source[39m
[35m[HTTP][39m [90m{}[39m
[35m[W3C (63b7df09)][39m Driver proxy active, passing request on via HTTP proxy
[35m[WD Proxy][39m Replacing sessionId 4d8aa4ba-5b61-4e91-a118-1a2ec56f25a5 with 63b7df09-83cd-4cd6-8009-075f945c2423
[35m[HTTP][39m [37m<-- GET /wd/hub/session/63b7df09-83cd-4cd6-8009-075f945c2423/source [39m[32m200[39m [90m497 ms - 9020[39m
[35m[HTTP][39m [90m[39m
[35m[HTTP][39m [37m-->[39m [37mGET[39m [37m/wd/hub/session/63b7df09-83cd-4cd6-8009-075f945c2423/screenshot[39m
[35m[HTTP][39m [90m{}[39m
[35m[HTTP][39m [37m<-- GET /wd/hub/session/63b7df09-83cd-4cd6-8009-075f945c2423/screenshot [39m[32m200[39m [90m653 ms - 135602[39m
[35m[HTTP][39m [90m[39m
[35m[HTTP][39m [37m-->[39m [37mGET[39m [37m/wd/hub/session/63b7df09-83cd-4cd6-8009-075f945c2423/source[39m
[35m[HTTP][39m [90m{}[39m
[35m[W3C (63b7df09)][39m Driver proxy active, passing request on via HTTP proxy
[35m[WD Proxy][39m Replacing sessionId 4d8aa4ba-5b61-4e91-a118-1a2ec56f25a5 with 63b7df09-83cd-4cd6-8009-075f945c2423
[35m[HTTP][39m [37m<-- GET /wd/hub/session/63b7df09-83cd-4cd6-8009-075f945c2423/source [39m[32m200[39m [90m416 ms - 12545[39m
[35m[HTTP][39m [90m[39m
[35m[HTTP][39m [37m-->[39m [37mGET[39m [37m/wd/hub/session/63b7df09-83cd-4cd6-8009-075f945c2423/screenshot[39m
[35m[HTTP][39m [90m{}[39m
[35m[HTTP][39m [37m<-- GET /wd/hub/session/63b7df09-83cd-4cd6-8009-075f945c2423/screenshot [39m[32m200[39m [90m740 ms - 133844[39m
[35m[HTTP][39m [90m[39m
[35m[HTTP][39m [37m-->[39m [37mGET[39m [37m/wd/hub/session/63b7df09-83cd-4cd6-8009-075f945c2423/window/rect[39m
[35m[HTTP][39m [90m{}[39m
[35m[HTTP][39m [37m<-- GET /wd/hub/session/63b7df09-83cd-4cd6-8009-075f945c2423/window/rect [39m[32m200[39m [90m36 ms - 50[39m
[35m[HTTP][39m [90m[39m
[35m[HTTP][39m [37m-->[39m [37mPOST[39m [37m/wd/hub/session/63b7df09-83cd-4cd6-8009-075f945c2423/elements[39m
[35m[HTTP][39m [90m{"using":"xpath","value":"//hierarchy/android.widget.FrameLayout[1]/android.widget.LinearLayout[1]/android.widget.FrameLayout[1]/android.widget.LinearLayout[1]/android.widget.FrameLayout[1]/android.widget.RelativeLayout[1]/android.widget.LinearLayout[1]/android.widget.LinearLayout[2]/android.widget.LinearLayout[1]/android.widget.EditText[1]"}[39m
[35m[HTTP][39m [37m<-- POST /wd/hub/session/63b7df09-83cd-4cd6-8009-075f945c2423/elements [39m[32m200[39m [90m292 ms - 139[39m
[35m[HTTP][39m [90m[39m
[35m[HTTP][39m [37m-->[39m [37mGET[39m [37m/wd/hub/session/63b7df09-83cd-4cd6-8009-075f945c2423/element/1b65fab2-f1fb-4d6a-ad13-add0e010965b/location[39m
[35m[HTTP][39m [90m{}[39m
[35m[W3C (63b7df09)][39m Driver proxy active, passing request on via HTTP proxy
[35m[WD Proxy][39m Replacing sessionId 4d8aa4ba-5b61-4e91-a118-1a2ec56f25a5 with 63b7df09-83cd-4cd6-8009-075f945c2423
[35m[HTTP][39m [37m<-- GET /wd/hub/session/63b7df09-83cd-4cd6-8009-075f945c2423/element/1b65fab2-f1fb-4d6a-ad13-add0e010965b/location [39m[32m200[39m [90m787 ms - 88[39m
[35m[HTTP][39m [90m[39m
[35m[HTTP][39m [37m-->[39m [37mPOST[39m [37m/wd/hub/session/63b7df09-83cd-4cd6-8009-075f945c2423/element/1b65fab2-f1fb-4d6a-ad13-add0e010965b/clear[39m
[35m[HTTP][39m [90m{"id":"1b65fab2-f1fb-4d6a-ad13-add0e010965b"}[39m
[35m[HTTP][39m [37m<-- POST /wd/hub/session/63b7df09-83cd-4cd6-8009-075f945c2423/element/1b65fab2-f1fb-4d6a-ad13-add0e010965b/clear [39m[32m200[39m [90m79 ms - 27[39m
[35m[HTTP][39m [90m[39m
[35m[HTTP][39m [37m-->[39m [37mPOST[39m [37m/wd/hub/session/63b7df09-83cd-4cd6-8009-075f945c2423/element/1b65fab2-f1fb-4d6a-ad13-add0e010965b/value[39m
[35m[HTTP][39m [90m{"id":"1b65fab2-f1fb-4d6a-ad13-add0e010965b","text":"1","value":["1"]}[39m
[35m[HTTP][39m [37m<-- POST /wd/hub/session/63b7df09-83cd-4cd6-8009-075f945c2423/element/1b65fab2-f1fb-4d6a-ad13-add0e010965b/value [39m[32m200[39m [90m969 ms - 12[39m
[35m[HTTP][39m [90m[39m
[35m[HTTP][39m [37m-->[39m [37mGET[39m [37m/wd/hub/session/63b7df09-83cd-4cd6-8009-075f945c2423/source[39m
[35m[HTTP][39m [90m{}[39m
[35m[W3C (63b7df09)][39m Driver proxy active, passing request on via HTTP proxy
[35m[WD Proxy][39m Replacing sessionId 4d8aa4ba-5b61-4e91-a118-1a2ec56f25a5 with 63b7df09-83cd-4cd6-8009-075f945c2423
[35m[HTTP][39m [37m<-- GET /wd/hub/session/63b7df09-83cd-4cd6-8009-075f945c2423/source [39m[32m200[39m [90m552 ms - 12546[39m
[35m[HTTP][39m [90m[39m
[35m[HTTP][39m [37m-->[39m [37mGET[39m [37m/wd/hub/session/63b7df09-83cd-4cd6-8009-075f945c2423/screenshot[39m
[35m[HTTP][39m [90m{}[39m
[35m[HTTP][39m [37m<-- GET /wd/hub/session/63b7df09-83cd-4cd6-8009-075f945c2423/screenshot [39m[32m200[39m [90m752 ms - 134156[39m
[35m[HTTP][39m [90m[39m
[35m[HTTP][39m [37m-->[39m [37mGET[39m [37m/wd/hub/session/63b7df09-83cd-4cd6-8009-075f945c2423/window/rect[39m
[35m[HTTP][39m [90m{}[39m
[35m[HTTP][39m [37m<-- GET /wd/hub/session/63b7df09-83cd-4cd6-8009-075f945c2423/window/rect [39m[32m200[39m [90m35 ms - 50[39m
[35m[HTTP][39m [90m[39m
[35m[HTTP][39m [37m-->[39m [37mPOST[39m [37m/wd/hub/session/63b7df09-83cd-4cd6-8009-075f945c2423/elements[39m
[35m[HTTP][39m [90m{"using":"xpath","value":"//hierarchy/android.widget.FrameLayout[1]/android.widget.LinearLayout[1]/android.widget.FrameLayout[1]/android.widget.LinearLayout[1]/android.widget.FrameLayout[1]/android.widget.RelativeLayout[1]/android.widget.LinearLayout[1]/android.widget.LinearLayout[2]/android.widget.LinearLayout[1]/android.widget.EditText[2]"}[39m
[35m[HTTP][39m [37m<-- POST /wd/hub/session/63b7df09-83cd-4cd6-8009-075f945c2423/elements [39m[32m200[39m [90m915 ms - 139[39m
[35m[HTTP][39m [90m[39m
[35m[HTTP][39m [37m-->[39m [37mGET[39m [37m/wd/hub/session/63b7df09-83cd-4cd6-8009-075f945c2423/element/83ff865b-c2b1-4f5a-854a-07cd41bc8645/location[39m
[35m[HTTP][39m [90m{}[39m
[35m[W3C (63b7df09)][39m Driver proxy active, passing request on via HTTP proxy
[35m[WD Proxy][39m Replacing sessionId 4d8aa4ba-5b61-4e91-a118-1a2ec56f25a5 with 63b7df09-83cd-4cd6-8009-075f945c2423
[35m[HTTP][39m [37m<-- GET /wd/hub/session/63b7df09-83cd-4cd6-8009-075f945c2423/element/83ff865b-c2b1-4f5a-854a-07cd41bc8645/location [39m[32m200[39m [90m42 ms - 89[39m
[35m[HTTP][39m [90m[39m
[35m[HTTP][39m [37m-->[39m [37mPOST[39m [37m/wd/hub/session/63b7df09-83cd-4cd6-8009-075f945c2423/element/83ff865b-c2b1-4f5a-854a-07cd41bc8645/clear[39m
[35m[HTTP][39m [90m{"id":"83ff865b-c2b1-4f5a-854a-07cd41bc8645"}[39m
[35m[HTTP][39m [37m<-- POST /wd/hub/session/63b7df09-83cd-4cd6-8009-075f945c2423/element/83ff865b-c2b1-4f5a-854a-07cd41bc8645/clear [39m[32m200[39m [90m83 ms - 27[39m
[35m[HTTP][39m [90m[39m
[35m[HTTP][39m [37m-->[39m [37mPOST[39m [37m/wd/hub/session/63b7df09-83cd-4cd6-8009-075f945c2423/element/83ff865b-c2b1-4f5a-854a-07cd41bc8645/value[39m
[35m[HTTP][39m [90m{"id":"83ff865b-c2b1-4f5a-854a-07cd41bc8645","text":"1","value":["1"]}[39m
[35m[HTTP][39m [37m<-- POST /wd/hub/session/63b7df09-83cd-4cd6-8009-075f945c2423/element/83ff865b-c2b1-4f5a-854a-07cd41bc8645/value [39m[32m200[39m [90m553 ms - 12[39m
[35m[HTTP][39m [90m[39m
[35m[HTTP][39m [37m-->[39m [37mGET[39m [37m/wd/hub/session/63b7df09-83cd-4cd6-8009-075f945c2423/source[39m
[35m[HTTP][39m [90m{}[39m
[35m[W3C (63b7df09)][39m Driver proxy active, passing request on via HTTP proxy
[35m[WD Proxy][39m Replacing sessionId 4d8aa4ba-5b61-4e91-a118-1a2ec56f25a5 with 63b7df09-83cd-4cd6-8009-075f945c2423
[35m[HTTP][39m [37m<-- GET /wd/hub/session/63b7df09-83cd-4cd6-8009-075f945c2423/source [39m[32m200[39m [90m172 ms - 12547[39m
[35m[HTTP][39m [90m[39m
[35m[HTTP][39m [37m-->[39m [37mGET[39m [37m/wd/hub/session/63b7df09-83cd-4cd6-8009-075f945c2423/screenshot[39m
[35m[HTTP][39m [90m{}[39m
[35m[HTTP][39m [37m<-- GET /wd/hub/session/63b7df09-83cd-4cd6-8009-075f945c2423/screenshot [39m[32m200[39m [90m714 ms - 135716[39m
[35m[HTTP][39m [90m[39m
[35m[HTTP][39m [37m-->[39m [37mGET[39m [37m/wd/hub/session/63b7df09-83cd-4cd6-8009-075f945c2423/window/rect[39m
[35m[HTTP][39m [90m{}[39m
[35m[HTTP][39m [37m<-- GET /wd/hub/session/63b7df09-83cd-4cd6-8009-075f945c2423/window/rect [39m[32m200[39m [90m36 ms - 50[39m
[35m[HTTP][39m [90m[39m
[35m[HTTP][39m [37m-->[39m [37mPOST[39m [37m/wd/hub/session/63b7df09-83cd-4cd6-8009-075f945c2423/elements[39m
[35m[HTTP][39m [90m{"using":"xpath","value":"//hierarchy/android.widget.FrameLayout[1]/android.widget.LinearLayout[1]/android.widget.FrameLayout[1]/android.widget.LinearLayout[1]/android.widget.FrameLayout[1]/android.widget.RelativeLayout[1]/android.widget.LinearLayout[1]/android.widget.LinearLayout[2]/android.widget.LinearLayout[1]/android.widget.EditText[3]"}[39m
[35m[HTTP][39m [37m<-- POST /wd/hub/session/63b7df09-83cd-4cd6-8009-075f945c2423/elements [39m[32m200[39m [90m706 ms - 139[39m
[35m[HTTP][39m [90m[39m
[35m[HTTP][39m [37m-->[39m [37mGET[39m [37m/wd/hub/session/63b7df09-83cd-4cd6-8009-075f945c2423/element/1f9b3142-d767-4da3-9ff9-cc48d2abb88b/location[39m
[35m[HTTP][39m [90m{}[39m
[35m[W3C (63b7df09)][39m Driver proxy active, passing request on via HTTP proxy
[35m[WD Proxy][39m Replacing sessionId 4d8aa4ba-5b61-4e91-a118-1a2ec56f25a5 with 63b7df09-83cd-4cd6-8009-075f945c2423
[35m[HTTP][39m [37m<-- GET /wd/hub/session/63b7df09-83cd-4cd6-8009-075f945c2423/element/1f9b3142-d767-4da3-9ff9-cc48d2abb88b/location [39m[32m200[39m [90m43 ms - 89[39m
[35m[HTTP][39m [90m[39m
[35m[HTTP][39m [37m-->[39m [37mPOST[39m [37m/wd/hub/session/63b7df09-83cd-4cd6-8009-075f945c2423/element/1f9b3142-d767-4da3-9ff9-cc48d2abb88b/clear[39m
[35m[HTTP][39m [90m{"id":"1f9b3142-d767-4da3-9ff9-cc48d2abb88b"}[39m
[35m[HTTP][39m [37m<-- POST /wd/hub/session/63b7df09-83cd-4cd6-8009-075f945c2423/element/1f9b3142-d767-4da3-9ff9-cc48d2abb88b/clear [39m[32m200[39m [90m80 ms - 27[39m
[35m[HTTP][39m [90m[39m
[35m[HTTP][39m [37m-->[39m [37mPOST[39m [37m/wd/hub/session/63b7df09-83cd-4cd6-8009-075f945c2423/element/1f9b3142-d767-4da3-9ff9-cc48d2abb88b/value[39m
[35m[HTTP][39m [90m{"id":"1f9b3142-d767-4da3-9ff9-cc48d2abb88b","text":"1","value":["1"]}[39m
[35m[HTTP][39m [37m<-- POST /wd/hub/session/63b7df09-83cd-4cd6-8009-075f945c2423/element/1f9b3142-d767-4da3-9ff9-cc48d2abb88b/value [39m[32m200[39m [90m550 ms - 12[39m
[35m[HTTP][39m [90m[39m
[35m[HTTP][39m [37m-->[39m [37mGET[39m [37m/wd/hub/session/63b7df09-83cd-4cd6-8009-075f945c2423/source[39m
[35m[HTTP][39m [90m{}[39m
[35m[W3C (63b7df09)][39m Driver proxy active, passing request on via HTTP proxy
[35m[WD Proxy][39m Replacing sessionId 4d8aa4ba-5b61-4e91-a118-1a2ec56f25a5 with 63b7df09-83cd-4cd6-8009-075f945c2423
[35m[HTTP][39m [37m<-- GET /wd/hub/session/63b7df09-83cd-4cd6-8009-075f945c2423/source [39m[32m200[39m [90m643 ms - 12548[39m
[35m[HTTP][39m [90m[39m
[35m[HTTP][39m [37m-->[39m [37mGET[39m [37m/wd/hub/session/63b7df09-83cd-4cd6-8009-075f945c2423/screenshot[39m
[35m[HTTP][39m [90m{}[39m
[35m[HTTP][39m [37m<-- GET /wd/hub/session/63b7df09-83cd-4cd6-8009-075f945c2423/screenshot [39m[32m200[39m [90m710 ms - 135348[39m
[35m[HTTP][39m [90m[39m
[35m[HTTP][39m [37m-->[39m [37mGET[39m [37m/wd/hub/session/63b7df09-83cd-4cd6-8009-075f945c2423/window/rect[39m
[35m[HTTP][39m [90m{}[39m
[35m[HTTP][39m [37m<-- GET /wd/hub/session/63b7df09-83cd-4cd6-8009-075f945c2423/window/rect [39m[32m200[39m [90m37 ms - 50[39m
[35m[HTTP][39m [90m[39m
[35m[HTTP][39m [37m-->[39m [37mPOST[39m [37m/wd/hub/session/63b7df09-83cd-4cd6-8009-075f945c2423/elements[39m
[35m[HTTP][39m [90m{"using":"xpath","value":"//hierarchy/android.widget.FrameLayout[1]/android.widget.LinearLayout[1]/android.widget.FrameLayout[1]/android.widget.LinearLayout[1]/android.widget.FrameLayout[1]/android.widget.RelativeLayout[1]/android.widget.LinearLayout[1]/android.widget.LinearLayout[2]/android.widget.LinearLayout[1]/android.widget.EditText[4]"}[39m
[35m[HTTP][39m [37m<-- POST /wd/hub/session/63b7df09-83cd-4cd6-8009-075f945c2423/elements [39m[32m200[39m [90m217 ms - 139[39m
[35m[HTTP][39m [90m[39m
[35m[HTTP][39m [37m-->[39m [37mGET[39m [37m/wd/hub/session/63b7df09-83cd-4cd6-8009-075f945c2423/element/8187e702-9199-4976-ab1c-2249794fc938/location[39m
[35m[HTTP][39m [90m{}[39m
[35m[W3C (63b7df09)][39m Driver proxy active, passing request on via HTTP proxy
[35m[WD Proxy][39m Replacing sessionId 4d8aa4ba-5b61-4e91-a118-1a2ec56f25a5 with 63b7df09-83cd-4cd6-8009-075f945c2423
[35m[HTTP][39m [37m<-- GET /wd/hub/session/63b7df09-83cd-4cd6-8009-075f945c2423/element/8187e702-9199-4976-ab1c-2249794fc938/location [39m[32m200[39m [90m45 ms - 89[39m
[35m[HTTP][39m [90m[39m
[35m[HTTP][39m [37m-->[39m [37mPOST[39m [37m/wd/hub/session/63b7df09-83cd-4cd6-8009-075f945c2423/element/8187e702-9199-4976-ab1c-2249794fc938/clear[39m
[35m[HTTP][39m [90m{"id":"8187e702-9199-4976-ab1c-2249794fc938"}[39m
[35m[HTTP][39m [37m<-- POST /wd/hub/session/63b7df09-83cd-4cd6-8009-075f945c2423/element/8187e702-9199-4976-ab1c-2249794fc938/clear [39m[32m200[39m [90m72 ms - 27[39m
[35m[HTTP][39m [90m[39m
[35m[HTTP][39m [37m-->[39m [37mPOST[39m [37m/wd/hub/session/63b7df09-83cd-4cd6-8009-075f945c2423/element/8187e702-9199-4976-ab1c-2249794fc938/value[39m
[35m[HTTP][39m [90m{"id":"8187e702-9199-4976-ab1c-2249794fc938","text":"1","value":["1"]}[39m
[35m[HTTP][39m [37m<-- POST /wd/hub/session/63b7df09-83cd-4cd6-8009-075f945c2423/element/8187e702-9199-4976-ab1c-2249794fc938/value [39m[32m200[39m [90m748 ms - 12[39m
[35m[HTTP][39m [90m[39m
[35m[HTTP][39m [37m-->[39m [37mGET[39m [37m/wd/hub/session/63b7df09-83cd-4cd6-8009-075f945c2423/source[39m
[35m[HTTP][39m [90m{}[39m
[35m[W3C (63b7df09)][39m Driver proxy active, passing request on via HTTP proxy
[35m[WD Proxy][39m Replacing sessionId 4d8aa4ba-5b61-4e91-a118-1a2ec56f25a5 with 63b7df09-83cd-4cd6-8009-075f945c2423
[35m[HTTP][39m [37m<-- GET /wd/hub/session/63b7df09-83cd-4cd6-8009-075f945c2423/source [39m[32m200[39m [90m160 ms - 12548[39m
[35m[HTTP][39m [90m[39m
[35m[HTTP][39m [37m-->[39m [37mGET[39m [37m/wd/hub/session/63b7df09-83cd-4cd6-8009-075f945c2423/screenshot[39m
[35m[HTTP][39m [90m{}[39m
[35m[HTTP][39m [37m<-- GET /wd/hub/session/63b7df09-83cd-4cd6-8009-075f945c2423/screenshot [39m[32m200[39m [90m707 ms - 137638[39m
[35m[HTTP][39m [90m[39m
[35m[HTTP][39m [37m-->[39m [37mGET[39m [37m/wd/hub/session/63b7df09-83cd-4cd6-8009-075f945c2423/window/rect[39m
[35m[HTTP][39m [90m{}[39m
[35m[HTTP][39m [37m<-- GET /wd/hub/session/63b7df09-83cd-4cd6-8009-075f945c2423/window/rect [39m[32m200[39m [90m25 ms - 50[39m
[35m[HTTP][39m [90m[39m
[35m[HTTP][39m [37m-->[39m [37mPOST[39m [37m/wd/hub/session/63b7df09-83cd-4cd6-8009-075f945c2423/elements[39m
[35m[HTTP][39m [90m{"using":"xpath","value":"//hierarchy/android.widget.FrameLayout[1]/android.widget.LinearLayout[1]/android.widget.FrameLayout[1]/android.widget.LinearLayout[1]/android.widget.FrameLayout[1]/android.widget.RelativeLayout[1]/android.widget.LinearLayout[1]/android.widget.LinearLayout[2]/android.widget.Button[1]"}[39m
[35m[HTTP][39m [37m<-- POST /wd/hub/session/63b7df09-83cd-4cd6-8009-075f945c2423/elements [39m[32m200[39m [90m223 ms - 139[39m
[35m[HTTP][39m [90m[39m
[35m[HTTP][39m [37m-->[39m [37mGET[39m [37m/wd/hub/session/63b7df09-83cd-4cd6-8009-075f945c2423/element/c93fc6e9-6c1d-4d13-839d-2c68e8d087c7/location[39m
[35m[HTTP][39m [90m{}[39m
[35m[W3C (63b7df09)][39m Driver proxy active, passing request on via HTTP proxy
[35m[WD Proxy][39m Replacing sessionId 4d8aa4ba-5b61-4e91-a118-1a2ec56f25a5 with 63b7df09-83cd-4cd6-8009-075f945c2423
[35m[HTTP][39m [37m<-- GET /wd/hub/session/63b7df09-83cd-4cd6-8009-075f945c2423/element/c93fc6e9-6c1d-4d13-839d-2c68e8d087c7/location [39m[32m200[39m [90m33 ms - 89[39m
[35m[HTTP][39m [90m[39m
[35m[HTTP][39m [37m-->[39m [37mPOST[39m [37m/wd/hub/session/63b7df09-83cd-4cd6-8009-075f945c2423/touch/perform[39m
[35m[HTTP][39m [90m{"actions":[{"action":"tap","options":{"x":1,"y":1,"element":"c93fc6e9-6c1d-4d13-839d-2c68e8d087c7"}}]}[39m
[35m[UiAutomator2][39m calling get location: c93fc6e9-6c1d-4d13-839d-2c68e8d087c7
[35m[HTTP][39m [37m<-- POST /wd/hub/session/63b7df09-83cd-4cd6-8009-075f945c2423/touch/perform [39m[32m200[39m [90m71 ms - 14[39m
[35m[HTTP][39m [90m[39m
[35m[HTTP][39m [37m-->[39m [37mGET[39m [37m/wd/hub/session/63b7df09-83cd-4cd6-8009-075f945c2423/source[39m
[35m[HTTP][39m [90m{}[39m
[35m[W3C (63b7df09)][39m Driver proxy active, passing request on via HTTP proxy
[35m[WD Proxy][39m Replacing sessionId 4d8aa4ba-5b61-4e91-a118-1a2ec56f25a5 with 63b7df09-83cd-4cd6-8009-075f945c2423
[35m[HTTP][39m [37m<-- GET /wd/hub/session/63b7df09-83cd-4cd6-8009-075f945c2423/source [39m[32m200[39m [90m233 ms - 14311[39m
[35m[HTTP][39m [90m[39m
[35m[HTTP][39m [37m-->[39m [37mGET[39m [37m/wd/hub/session/63b7df09-83cd-4cd6-8009-075f945c2423/screenshot[39m
[35m[HTTP][39m [90m{}[39m
[35m[HTTP][39m [37m<-- GET /wd/hub/session/63b7df09-83cd-4cd6-8009-075f945c2423/screenshot [39m[32m200[39m [90m705 ms - 137930[39m
[35m[HTTP][39m [90m[39m
[35m[HTTP][39m [37m-->[39m [37mGET[39m [37m/wd/hub/session/63b7df09-83cd-4cd6-8009-075f945c2423/source[39m
[35m[HTTP][39m [90m{}[39m
[35m[W3C (63b7df09)][39m Driver proxy active, passing request on via HTTP proxy
[35m[WD Proxy][39m Replacing sessionId 4d8aa4ba-5b61-4e91-a118-1a2ec56f25a5 with 63b7df09-83cd-4cd6-8009-075f945c2423
[35m[HTTP][39m [37m<-- GET /wd/hub/session/63b7df09-83cd-4cd6-8009-075f945c2423/source [39m[32m200[39m [90m666 ms - 34470[39m
[35m[HTTP][39m [90m[39m
[35m[HTTP][39m [37m-->[39m [37mGET[39m [37m/wd/hub/session/63b7df09-83cd-4cd6-8009-075f945c2423/screenshot[39m
[35m[HTTP][39m [90m{}[39m
[35m[HTTP][39m [37m<-- GET /wd/hub/session/63b7df09-83cd-4cd6-8009-075f945c2423/screenshot [39m[32m200[39m [90m942 ms - 198712[39m
[35m[HTTP][39m [90m[39m
[35m[HTTP][39m [37m-->[39m [37mGET[39m [37m/wd/hub/session/63b7df09-83cd-4cd6-8009-075f945c2423/window/rect[39m
[35m[HTTP][39m [90m{}[39m
[35m[HTTP][39m [37m<-- GET /wd/hub/session/63b7df09-83cd-4cd6-8009-075f945c2423/window/rect [39m[32m200[39m [90m33 ms - 50[39m
[35m[HTTP][39m [90m[39m
[35m[HTTP][39m [37m-->[39m [37mPOST[39m [37m/wd/hub/session/63b7df09-83cd-4cd6-8009-075f945c2423/elements[39m
[35m[HTTP][39m [90m{"using":"xpath","value":"//hierarchy/android.widget.FrameLayout[1]/android.widget.LinearLayout[1]/android.widget.FrameLayout[1]/android.widget.LinearLayout[1]/android.widget.FrameLayout[1]/android.widget.LinearLayout[1]/android.widget.RelativeLayout[1]/android.widget.FrameLayout[1]/android.view.ViewGroup[1]/android.widget.LinearLayout[1]/android.widget.FrameLayout[1]/android.widget.RelativeLayout[1]/android.widget.LinearLayout[1]/android.widget.RelativeLayout[1]/android.widget.Switch[1]"}[39m
[35m[HTTP][39m [37m<-- POST /wd/hub/session/63b7df09-83cd-4cd6-8009-075f945c2423/elements [39m[32m200[39m [90m552 ms - 139[39m
[35m[HTTP][39m [90m[39m
[35m[HTTP][39m [37m-->[39m [37mGET[39m [37m/wd/hub/session/63b7df09-83cd-4cd6-8009-075f945c2423/element/66a00055-0f37-4783-9962-342b6cb3f646/location[39m
[35m[HTTP][39m [90m{}[39m
[35m[W3C (63b7df09)][39m Driver proxy active, passing request on via HTTP proxy
[35m[WD Proxy][39m Replacing sessionId 4d8aa4ba-5b61-4e91-a118-1a2ec56f25a5 with 63b7df09-83cd-4cd6-8009-075f945c2423
[35m[HTTP][39m [37m<-- GET /wd/hub/session/63b7df09-83cd-4cd6-8009-075f945c2423/element/66a00055-0f37-4783-9962-342b6cb3f646/location [39m[32m200[39m [90m32 ms - 89[39m
[35m[HTTP][39m [90m[39m
[35m[HTTP][39m [37m-->[39m [37mPOST[39m [37m/wd/hub/session/63b7df09-83cd-4cd6-8009-075f945c2423/touch/perform[39m
[35m[HTTP][39m [90m{"actions":[{"action":"tap","options":{"x":1,"y":1,"element":"66a00055-0f37-4783-9962-342b6cb3f646"}}]}[39m
[35m[UiAutomator2][39m calling get location: 66a00055-0f37-4783-9962-342b6cb3f646
[35m[HTTP][39m [37m<-- POST /wd/hub/session/63b7df09-83cd-4cd6-8009-075f945c2423/touch/perform [39m[32m200[39m [90m94 ms - 14[39m
[35m[HTTP][39m [90m[39m
[35m[HTTP][39m [37m-->[39m [37mGET[39m [37m/wd/hub/session/63b7df09-83cd-4cd6-8009-075f945c2423/source[39m
[35m[HTTP][39m [90m{}[39m
[35m[W3C (63b7df09)][39m Driver proxy active, passing request on via HTTP proxy
[35m[WD Proxy][39m Replacing sessionId 4d8aa4ba-5b61-4e91-a118-1a2ec56f25a5 with 63b7df09-83cd-4cd6-8009-075f945c2423
[35m[HTTP][39m [37m<-- GET /wd/hub/session/63b7df09-83cd-4cd6-8009-075f945c2423/source [39m[32m200[39m [90m352 ms - 34468[39m
[35m[HTTP][39m [90m[39m
[35m[HTTP][39m [37m-->[39m [37mGET[39m [37m/wd/hub/session/63b7df09-83cd-4cd6-8009-075f945c2423/screenshot[39m
[35m[HTTP][39m [90m{}[39m
[35m[HTTP][39m [37m<-- GET /wd/hub/session/63b7df09-83cd-4cd6-8009-075f945c2423/screenshot [39m[32m200[39m [90m904 ms - 194536[39m
[35m[HTTP][39m [90m[39m
[35m[HTTP][39m [37m-->[39m [37mGET[39m [37m/wd/hub/session/63b7df09-83cd-4cd6-8009-075f945c2423/source[39m
[35m[HTTP][39m [90m{}[39m
[35m[W3C (63b7df09)][39m Driver proxy active, passing request on via HTTP proxy
[35m[WD Proxy][39m Replacing sessionId 4d8aa4ba-5b61-4e91-a118-1a2ec56f25a5 with 63b7df09-83cd-4cd6-8009-075f945c2423
[35m[HTTP][39m [37m<-- GET /wd/hub/session/63b7df09-83cd-4cd6-8009-075f945c2423/source [39m[32m200[39m [90m533 ms - 8537[39m
[35m[HTTP][39m [90m[39m
[35m[HTTP][39m [37m-->[39m [37mGET[39m [37m/wd/hub/session/63b7df09-83cd-4cd6-8009-075f945c2423/screenshot[39m
[35m[HTTP][39m [90m{}[39m
[35m[HTTP][39m [37m<-- GET /wd/hub/session/63b7df09-83cd-4cd6-8009-075f945c2423/screenshot [39m[32m200[39m [90m700 ms - 115634[39m
[35m[HTTP][39m [90m[39m
[35m[HTTP][39m [37m-->[39m [37mGET[39m [37m/wd/hub/session/63b7df09-83cd-4cd6-8009-075f945c2423/window/rect[39m
[35m[HTTP][39m [90m{}[39m
[35m[HTTP][39m [37m<-- GET /wd/hub/session/63b7df09-83cd-4cd6-8009-075f945c2423/window/rect [39m[32m200[39m [90m34 ms - 50[39m
[35m[HTTP][39m [90m[39m
[35m[HTTP][39m [37m-->[39m [37mPOST[39m [37m/wd/hub/session/63b7df09-83cd-4cd6-8009-075f945c2423/elements[39m
[35m[HTTP][39m [90m{"using":"xpath","value":"//hierarchy/android.widget.FrameLayout[1]/android.widget.LinearLayout[1]/android.widget.FrameLayout[1]/android.widget.LinearLayout[1]/android.widget.FrameLayout[1]/android.widget.RelativeLayout[1]/android.widget.LinearLayout[2]/android.widget.TextView[1]"}[39m
[35m[HTTP][39m [37m<-- POST /wd/hub/session/63b7df09-83cd-4cd6-8009-075f945c2423/elements [39m[32m200[39m [90m274 ms - 139[39m
[35m[HTTP][39m [90m[39m
[35m[HTTP][39m [37m-->[39m [37mGET[39m [37m/wd/hub/session/63b7df09-83cd-4cd6-8009-075f945c2423/element/8fc51e75-0484-45a9-b68c-4fd6d293470c/location[39m
[35m[HTTP][39m [90m{}[39m
[35m[W3C (63b7df09)][39m Driver proxy active, passing request on via HTTP proxy
[35m[WD Proxy][39m Replacing sessionId 4d8aa4ba-5b61-4e91-a118-1a2ec56f25a5 with 63b7df09-83cd-4cd6-8009-075f945c2423
[35m[HTTP][39m [37m<-- GET /wd/hub/session/63b7df09-83cd-4cd6-8009-075f945c2423/element/8fc51e75-0484-45a9-b68c-4fd6d293470c/location [39m[32m200[39m [90m882 ms - 89[39m
[35m[HTTP][39m [90m[39m
[35m[HTTP][39m [37m-->[39m [37mPOST[39m [37m/wd/hub/session/63b7df09-83cd-4cd6-8009-075f945c2423/touch/perform[39m
[35m[HTTP][39m [90m{"actions":[{"action":"tap","options":{"x":1,"y":1,"element":"8fc51e75-0484-45a9-b68c-4fd6d293470c"}}]}[39m
[35m[UiAutomator2][39m calling get location: 8fc51e75-0484-45a9-b68c-4fd6d293470c
[35m[HTTP][39m [37m<-- POST /wd/hub/session/63b7df09-83cd-4cd6-8009-075f945c2423/touch/perform [39m[32m200[39m [90m1970 ms - 14[39m
[35m[HTTP][39m [90m[39m
[35m[HTTP][39m [37m-->[39m [37mGET[39m [37m/wd/hub/session/63b7df09-83cd-4cd6-8009-075f945c2423/source[39m
[35m[HTTP][39m [90m{}[39m
[35m[W3C (63b7df09)][39m Driver proxy active, passing request on via HTTP proxy
[35m[WD Proxy][39m Replacing sessionId 4d8aa4ba-5b61-4e91-a118-1a2ec56f25a5 with 63b7df09-83cd-4cd6-8009-075f945c2423
[35m[HTTP][39m [37m<-- GET /wd/hub/session/63b7df09-83cd-4cd6-8009-075f945c2423/source [39m[32m200[39m [90m569 ms - 8173[39m
[35m[HTTP][39m [90m[39m
[35m[HTTP][39m [37m-->[39m [37mGET[39m [37m/wd/hub/session/63b7df09-83cd-4cd6-8009-075f945c2423/screenshot[39m
[35m[HTTP][39m [90m{}[39m
[35m[HTTP][39m [37m<-- GET /wd/hub/session/63b7df09-83cd-4cd6-8009-075f945c2423/screenshot [39m[32m200[39m [90m730 ms - 134182[39m
[35m[HTTP][39m [90m[39m
[35m[HTTP][39m [37m-->[39m [37mGET[39m [37m/wd/hub/session/63b7df09-83cd-4cd6-8009-075f945c2423/window/rect[39m
[35m[HTTP][39m [90m{}[39m
[35m[HTTP][39m [37m<-- GET /wd/hub/session/63b7df09-83cd-4cd6-8009-075f945c2423/window/rect [39m[32m200[39m [90m41 ms - 50[39m
[35m[HTTP][39m [90m[39m
[35m[HTTP][39m [37m-->[39m [37mPOST[39m [37m/wd/hub/session/63b7df09-83cd-4cd6-8009-075f945c2423/elements[39m
[35m[HTTP][39m [90m{"using":"xpath","value":"//hierarchy/android.widget.FrameLayout[1]/android.widget.LinearLayout[1]/android.widget.FrameLayout[1]/android.widget.LinearLayout[1]/android.widget.FrameLayout[1]/android.widget.RelativeLayout[1]/android.widget.LinearLayout[2]/android.widget.TextView[1]"}[39m
[35m[HTTP][39m [37m<-- POST /wd/hub/session/63b7df09-83cd-4cd6-8009-075f945c2423/elements [39m[32m200[39m [90m570 ms - 139[39m
[35m[HTTP][39m [90m[39m
[35m[HTTP][39m [37m-->[39m [37mGET[39m [37m/wd/hub/session/63b7df09-83cd-4cd6-8009-075f945c2423/element/8199c7b4-abef-4efe-af71-fcf6aa27e303/location[39m
[35m[HTTP][39m [90m{}[39m
[35m[W3C (63b7df09)][39m Driver proxy active, passing request on via HTTP proxy
[35m[WD Proxy][39m Replacing sessionId 4d8aa4ba-5b61-4e91-a118-1a2ec56f25a5 with 63b7df09-83cd-4cd6-8009-075f945c2423
[35m[HTTP][39m [37m<-- GET /wd/hub/session/63b7df09-83cd-4cd6-8009-075f945c2423/element/8199c7b4-abef-4efe-af71-fcf6aa27e303/location [39m[32m200[39m [90m891 ms - 89[39m
[35m[HTTP][39m [90m[39m
[35m[HTTP][39m [37m-->[39m [37mPOST[39m [37m/wd/hub/session/63b7df09-83cd-4cd6-8009-075f945c2423/touch/perform[39m
[35m[HTTP][39m [90m{"actions":[{"action":"tap","options":{"x":1,"y":1,"element":"8199c7b4-abef-4efe-af71-fcf6aa27e303"}}]}[39m
[35m[UiAutomator2][39m calling get location: 8199c7b4-abef-4efe-af71-fcf6aa27e303
[35m[HTTP][39m [37m<-- POST /wd/hub/session/63b7df09-83cd-4cd6-8009-075f945c2423/touch/perform [39m[32m200[39m [90m3396 ms - 14[39m
[35m[HTTP][39m [90m[39m
[35m[HTTP][39m [37m-->[39m [37mGET[39m [37m/wd/hub/session/63b7df09-83cd-4cd6-8009-075f945c2423/source[39m
[35m[HTTP][39m [90m{}[39m
[35m[W3C (63b7df09)][39m Driver proxy active, passing request on via HTTP proxy
[35m[WD Proxy][39m Replacing sessionId 4d8aa4ba-5b61-4e91-a118-1a2ec56f25a5 with 63b7df09-83cd-4cd6-8009-075f945c2423
[35m[HTTP][39m [37m<-- GET /wd/hub/session/63b7df09-83cd-4cd6-8009-075f945c2423/source [39m[32m200[39m [90m594 ms - 8173[39m
[35m[HTTP][39m [90m[39m
[35m[HTTP][39m [37m-->[39m [37mGET[39m [37m/wd/hub/session/63b7df09-83cd-4cd6-8009-075f945c2423/screenshot[39m
[35m[HTTP][39m [90m{}[39m
[35m[HTTP][39m [37m<-- GET /wd/hub/session/63b7df09-83cd-4cd6-8009-075f945c2423/screenshot [39m[32m200[39m [90m729 ms - 114624[39m
[35m[HTTP][39m [90m[39m
[35m[HTTP][39m [37m-->[39m [37mGET[39m [37m/wd/hub/session/63b7df09-83cd-4cd6-8009-075f945c2423/source[39m
[35m[HTTP][39m [90m{}[39m
[35m[W3C (63b7df09)][39m Driver proxy active, passing request on via HTTP proxy
[35m[WD Proxy][39m Replacing sessionId 4d8aa4ba-5b61-4e91-a118-1a2ec56f25a5 with 63b7df09-83cd-4cd6-8009-075f945c2423
[35m[HTTP][39m [37m<-- GET /wd/hub/session/63b7df09-83cd-4cd6-8009-075f945c2423/source [39m[32m200[39m [90m117 ms - 7199[39m
[35m[HTTP][39m [90m[39m
[35m[HTTP][39m [37m-->[39m [37mGET[39m [37m/wd/hub/session/63b7df09-83cd-4cd6-8009-075f945c2423/screenshot[39m
[35m[HTTP][39m [90m{}[39m
[35m[HTTP][39m [37m<-- GET /wd/hub/session/63b7df09-83cd-4cd6-8009-075f945c2423/screenshot [39m[32m200[39m [90m674 ms - 114226[39m
[35m[HTTP][39m [90m[39m
[35m[HTTP][39m [37m-->[39m [37mGET[39m [37m/wd/hub/session/63b7df09-83cd-4cd6-8009-075f945c2423/window/rect[39m
[35m[HTTP][39m [90m{}[39m
[35m[HTTP][39m [37m<-- GET /wd/hub/session/63b7df09-83cd-4cd6-8009-075f945c2423/window/rect [39m[32m200[39m [90m36 ms - 50[39m
[35m[HTTP][39m [90m[39m
[35m[HTTP][39m [37m-->[39m [37mPOST[39m [37m/wd/hub/session/63b7df09-83cd-4cd6-8009-075f945c2423/elements[39m
[35m[HTTP][39m [90m{"using":"xpath","value":"//hierarchy/android.widget.FrameLayout[1]/android.widget.LinearLayout[1]/android.widget.FrameLayout[1]/android.widget.LinearLayout[1]/android.widget.FrameLayout[1]/android.widget.RelativeLayout[1]/android.widget.LinearLayout[1]/android.widget.Button[1]"}[39m
[35m[HTTP][39m [37m<-- POST /wd/hub/session/63b7df09-83cd-4cd6-8009-075f945c2423/elements [39m[32m200[39m [90m456 ms - 139[39m
[35m[HTTP][39m [90m[39m
[35m[HTTP][39m [37m-->[39m [37mGET[39m [37m/wd/hub/session/63b7df09-83cd-4cd6-8009-075f945c2423/element/21cb3321-83c6-4006-b18f-77f287561c2a/location[39m
[35m[HTTP][39m [90m{}[39m
[35m[W3C (63b7df09)][39m Driver proxy active, passing request on via HTTP proxy
[35m[WD Proxy][39m Replacing sessionId 4d8aa4ba-5b61-4e91-a118-1a2ec56f25a5 with 63b7df09-83cd-4cd6-8009-075f945c2423
[35m[HTTP][39m [37m<-- GET /wd/hub/session/63b7df09-83cd-4cd6-8009-075f945c2423/element/21cb3321-83c6-4006-b18f-77f287561c2a/location [39m[32m200[39m [90m29 ms - 89[39m
[35m[HTTP][39m [90m[39m
[35m[HTTP][39m [37m-->[39m [37mPOST[39m [37m/wd/hub/session/63b7df09-83cd-4cd6-8009-075f945c2423/touch/perform[39m
[35m[HTTP][39m [90m{"actions":[{"action":"tap","options":{"x":1,"y":1,"element":"21cb3321-83c6-4006-b18f-77f287561c2a"}}]}[39m
[35m[UiAutomator2][39m calling get location: 21cb3321-83c6-4006-b18f-77f287561c2a
[35m[HTTP][39m [37m<-- POST /wd/hub/session/63b7df09-83cd-4cd6-8009-075f945c2423/touch/perform [39m[32m200[39m [90m75 ms - 14[39m
[35m[HTTP][39m [90m[39m
[35m[HTTP][39m [37m-->[39m [37mGET[39m [37m/wd/hub/session/63b7df09-83cd-4cd6-8009-075f945c2423/source[39m
[35m[HTTP][39m [90m{}[39m
[35m[W3C (63b7df09)][39m Driver proxy active, passing request on via HTTP proxy
[35m[WD Proxy][39m Replacing sessionId 4d8aa4ba-5b61-4e91-a118-1a2ec56f25a5 with 63b7df09-83cd-4cd6-8009-075f945c2423
[35m[HTTP][39m [37m<-- GET /wd/hub/session/63b7df09-83cd-4cd6-8009-075f945c2423/source [39m[32m200[39m [90m200 ms - 8962[39m
[35m[HTTP][39m [90m[39m
[35m[HTTP][39m [37m-->[39m [37mGET[39m [37m/wd/hub/session/63b7df09-83cd-4cd6-8009-075f945c2423/screenshot[39m
[35m[HTTP][39m [90m{}[39m
[35m[HTTP][39m [37m<-- GET /wd/hub/session/63b7df09-83cd-4cd6-8009-075f945c2423/screenshot [39m[32m200[39m [90m710 ms - 114382[39m
[35m[HTTP][39m [90m[39m
[35m[HTTP][39m [37m-->[39m [37mGET[39m [37m/wd/hub/session/63b7df09-83cd-4cd6-8009-075f945c2423/source[39m
[35m[HTTP][39m [90m{}[39m
[35m[W3C (63b7df09)][39m Driver proxy active, passing request on via HTTP proxy
[35m[WD Proxy][39m Replacing sessionId 4d8aa4ba-5b61-4e91-a118-1a2ec56f25a5 with 63b7df09-83cd-4cd6-8009-075f945c2423
[35m[HTTP][39m [37m<-- GET /wd/hub/session/63b7df09-83cd-4cd6-8009-075f945c2423/source [39m[32m200[39m [90m352 ms - 33936[39m
[35m[HTTP][39m [90m[39m
[35m[HTTP][39m [37m-->[39m [37mGET[39m [37m/wd/hub/session/63b7df09-83cd-4cd6-8009-075f945c2423/screenshot[39m
[35m[HTTP][39m [90m{}[39m
[35m[HTTP][39m [37m<-- GET /wd/hub/session/63b7df09-83cd-4cd6-8009-075f945c2423/screenshot [39m[32m200[39m [90m768 ms - 185432[39m
[35m[HTTP][39m [90m[39m
[35m[HTTP][39m [37m-->[39m [37mDELETE[39m [37m/wd/hub/session/63b7df09-83cd-4cd6-8009-075f945c2423[39m
[35m[HTTP][39m [90m{}[39m
[35m[Appium][39m Removing session 63b7df09-83cd-4cd6-8009-075f945c2423 from our master session list
[35m[UiAutomator2][39m Restoring hidden api policy to the device default configuration
[35m[HTTP][39m [37m<-- DELETE /wd/hub/session/63b7df09-83cd-4cd6-8009-075f945c2423 [39m[32m200[39m [90m658 ms - 14[39m
[35m[HTTP][39m [90m[39m
