[35m[Appium][39m Welcome to Appium v1.14.1
[35m[Appium][39m Non-default server args:
[35m[Appium][39m   port: 59029
[35m[Appium][39m   loglevel: info
[35m[Appium][39m   chromeDriverPort: 59030
[35m[Appium][39m   tmpDir: C:\Users\99.co\AppData\Local\Temp\\Katalon\Appium\Temp1582271573910
[35m[Appium][39m Appium REST http interface listener started on 0.0.0.0:59029
[35m[HTTP][39m [37m-->[39m [37mGET[39m [37m/wd/hub/status[39m
[35m[HTTP][39m [90m{}[39m
[35m[HTTP][39m [37m<-- GET /wd/hub/status [39m[32m200[39m [90m7 ms - 68[39m
[35m[HTTP][39m [90m[39m
[35m[HTTP][39m [37m-->[39m [37mPOST[39m [37m/wd/hub/session[39m
[35m[HTTP][39m [90m{"desiredCapabilities":{"newCommandTimeout":1800,"platformVersion":"5.0.2","browserName":"Chrome","platformName":"Android","udid":"JRHYNF8SBMNNIRCQ","deviceName":"Xiaomi Redmi Note 2 (Android 5.0.2)","platform":"ANDROID"},"capabilities":{"firstMatch":[{"browserName":"Chrome","appium:deviceName":"Xiaomi Redmi Note 2 (Android 5.0.2)","appium:newCommandTimeout":1800,"platform":"ANDROID","platformName":"android","appium:platformVersion":"5.0.2","appium:udid":"JRHYNF8SBMNNIRCQ"}]}}[39m
[35m[BaseDriver][39m The capabilities ["platform"] are not standard capabilities and should have an extension prefix
[35m[Appium][39m 
[35m[Appium][39m ======================================================================
[35m[Appium][39m   DEPRECATION WARNING:
[35m[Appium][39m 
[35m[Appium][39m   The 'automationName' capability was not provided in the desired 
[35m[Appium][39m   capabilities for this Android session
[35m[Appium][39m 
[35m[Appium][39m   Setting 'automationName=UiAutomator2' by default and using the 
[35m[Appium][39m   UiAutomator2 Driver
[35m[Appium][39m 
[35m[Appium][39m   The next major version of Appium (2.x) will **require** the 
[35m[Appium][39m   'automationName' capability to be set for all sessions on all 
[35m[Appium][39m   platforms
[35m[Appium][39m 
[35m[Appium][39m   In previous versions (Appium <= 1.13.x), the default was 
[35m[Appium][39m   'automationName=UiAutomator1'
[35m[Appium][39m 
[35m[Appium][39m   If you wish to use that automation instead of UiAutomator2, please 
[35m[Appium][39m   add 'automationName=UiAutomator1' to your desired capabilities
[35m[Appium][39m 
[35m[Appium][39m   For more information about drivers, please visit 
[35m[Appium][39m   http://appium.io/docs/en/about-appium/intro/ and explore the 
[35m[Appium][39m   'Drivers' menu
[35m[Appium][39m 
[35m[Appium][39m ======================================================================
[35m[Appium][39m 
[35m[Appium][39m Appium v1.14.1 creating new AndroidUiautomator2Driver (v1.33.1) session
[35m[Appium][39m Capabilities:
[35m[Appium][39m   browserName: Chrome
[35m[Appium][39m   platform: ANDROID
[35m[Appium][39m   platformName: android
[35m[Appium][39m   deviceName: Xiaomi Redmi Note 2 (Android 5.0.2)
[35m[Appium][39m   newCommandTimeout: 1800
[35m[Appium][39m   platformVersion: 5.0.2
[35m[Appium][39m   udid: JRHYNF8SBMNNIRCQ
[35m[BaseDriver][39m The following capabilities were provided, but are not recognized by appium: platform.
[35m[BaseDriver][39m Session created with session id: 38f8b34f-41b0-432d-8ae2-8f2a3a6910ca
[35m[UiAutomator2][39m We're going to run a Chrome-based session
[35m[UiAutomator2][39m Chrome-type package and activity are com.android.chrome and com.google.android.apps.chrome.Main
[35m[ADB][39m Found 1 'build-tools' folders under 'C:\Users\99.co\.katalon\tools\android_sdk' (newest first):
[35m[ADB][39m     C:/Users/99.co/.katalon/tools/android_sdk/build-tools/29.0.1
[35m[ADB][39m Using 'adb.exe' from 'C:\Users\99.co\.katalon\tools\android_sdk\platform-tools\adb.exe'
[35m[AndroidDriver][39m Retrieving device list
[35m[AndroidDriver][39m Using device: JRHYNF8SBMNNIRCQ
[35m[ADB][39m Using 'adb.exe' from 'C:\Users\99.co\.katalon\tools\android_sdk\platform-tools\adb.exe'
[35m[AndroidDriver][39m No app sent in, not parsing package/activity
[35m[ADB][39m Using 'aapt.exe' from 'C:\Users\99.co\.katalon\tools\android_sdk\build-tools\29.0.1\aapt.exe'
[35m[AndroidDriver][39m Granting android.permission.SET_ANIMATION_SCALE, CHANGE_CONFIGURATION, ACCESS_FINE_LOCATION by pm grant
[35m[ADB][39m Using 'apksigner.bat' from 'C:\Users\99.co\.katalon\tools\android_sdk\build-tools\29.0.1\apksigner.bat'
[35m[UiAutomator2][39m Server packages are not going to be (re)installed
[35m[UiAutomator2][39m Starting UIAutomator2 server 3.5.1
[35m[UiAutomator2][39m Using UIAutomator2 server from 'C:\Users\99.co\AppData\Roaming\npm\node_modules\appium\node_modules\appium-uiautomator2-server\apks\appium-uiautomator2-server-v3.5.1.apk' and test from 'C:\Users\99.co\AppData\Roaming\npm\node_modules\appium\node_modules\appium-uiautomator2-server\apks\appium-uiautomator2-server-debug-androidTest.apk'
[35m[UiAutomator2][39m Waiting up to 30000ms for UiAutomator2 to be online...
[35m[WD Proxy][39m Got an unexpected response: {"code":"ECONNRESET"}
[35m[WD Proxy][39m Got an unexpected response: {"code":"ECONNRESET"}
[35m[AndroidDriver][39m Screen already unlocked, doing nothing
[35m[AndroidDriver][39m Starting a chrome-based browser session
[35m[AndroidDriver][39m The 'chromeDriverPort' capability is deprecated. Please use 'chromedriverPort' instead
[35m[Chromedriver][39m Set chromedriver binary as: C:/Users/99.co/AppData/Roaming/npm/node_modules/appium/node_modules/appium-chromedriver/chromedriver/win/chromedriver.exe
[35m[Chromedriver][39m Spawning chromedriver with: C:/Users/99.co/AppData/Roaming/npm/node_modules/appium/node_modules/appium-chromedriver/chromedriver/win/chromedriver.exe --url-base=wd/hub --port=59030 --adb-port=5037 --verbose
[35m[WD Proxy][39m Got an unexpected response: {"sessionId":"e75c07e80b09044505e630b90ada3154","status":33,"value":{"message":"session not created: Chrome version must be between 71 and 75\n  (Driver info: chromedriver=2.46.628402 (536cd7adbad73a3783fdc2cab92ab2ba7ec361e1),platform=Windows NT 10.0.17763 x86_64)"}}
[35m[WD Proxy][39m Got an unexpected response: {"sessionId":"e5cd003577c594ac1f4d5d1161bf6b3f","status":33,"value":{"message":"session not created: Chrome version must be between 71 and 75\n  (Driver info: chromedriver=2.46.628402 (536cd7adbad73a3783fdc2cab92ab2ba7ec361e1),platform=Windows NT 10.0.17763 x86_64)"}}
[35m[WD Proxy][39m Got an unexpected response: {"sessionId":"b8c7d7f1a880fb3e5ed4587efcd93f06","status":33,"value":{"message":"session not created: Chrome version must be between 71 and 75\n  (Driver info: chromedriver=2.46.628402 (536cd7adbad73a3783fdc2cab92ab2ba7ec361e1),platform=Windows NT 10.0.17763 x86_64)"}}
[35m[WD Proxy][39m Got an unexpected response: {"sessionId":"ef22b5b95187518b8676734cb7118885","status":33,"value":{"message":"session not created: Chrome version must be between 71 and 75\n  (Driver info: chromedriver=2.46.628402 (536cd7adbad73a3783fdc2cab92ab2ba7ec361e1),platform=Windows NT 10.0.17763 x86_64)"}}
[35m[HTTP][39m [37m<-- POST /wd/hub/session [39m[31m500[39m [90m45360 ms - 1651[39m
[35m[HTTP][39m [90m[39m
